<?xml version="1.0" encoding="UTF-8"?>
<testng-results skipped="0" failed="0" ignored="0" total="2" passed="2">
  <reporter-output>
    <line>
      <![CDATA[Test is started]]>
    </line>
    <line>
      <![CDATA[all methods are executed]]>
    </line>
    <line>
      <![CDATA[Attaching screens to report]]>
    </line>
    <line>
      <![CDATA[Execution is done]]>
    </line>
    <line>
      <![CDATA[Attaching screens to report]]>
    </line>
    <line>
      <![CDATA[Execution is done]]>
    </line>
  </reporter-output>
  <suite name="Default suite" duration-ms="12553" started-at="2019-05-12T11:08:42Z" finished-at="2019-05-12T11:08:54Z">
    <groups>
    </groups>
    <test name="Default test" duration-ms="12553" started-at="2019-05-12T11:08:42Z" finished-at="2019-05-12T11:08:54Z">
      <class name="com.testexecution.Runcls">
        <test-method status="PASS" signature="extentsreporsample()[pri:0, instance:com.testexecution.Runcls@6093dd95]" name="extentsreporsample" is-config="true" duration-ms="135" started-at="2019-05-12T11:08:41Z" finished-at="2019-05-12T11:08:42Z">
          <reporter-output>
            <line>
              <![CDATA[Test is started]]>
            </line>
            <line>
              <![CDATA[all methods are executed]]>
            </line>
          </reporter-output>
        </test-method> <!-- extentsreporsample -->
        <test-method status="PASS" signature="mainexecution()[pri:0, instance:com.testexecution.Runcls@6093dd95]" name="mainexecution" duration-ms="6345" started-at="2019-05-12T11:08:42Z" finished-at="2019-05-12T11:08:48Z">
          <reporter-output>
          </reporter-output>
        </test-method> <!-- mainexecution -->
        <test-method status="PASS" signature="capturescreen(org.testng.ITestResult)[pri:0, instance:com.testexecution.Runcls@6093dd95]" name="capturescreen" is-config="true" duration-ms="534" started-at="2019-05-12T11:08:48Z" finished-at="2019-05-12T11:08:48Z">
          <params>
            <param index="0">
              <value>
                <![CDATA[[TestResult name=mainexecution status=SUCCESS method=Runcls.mainexecution()[pri:0, instance:com.testexecution.Runcls@6093dd95] output={null}]]]>
              </value>
            </param>
          </params>
          <reporter-output>
            <line>
              <![CDATA[Attaching screens to report]]>
            </line>
            <line>
              <![CDATA[Execution is done]]>
            </line>
          </reporter-output>
        </test-method> <!-- capturescreen -->
        <test-method status="PASS" signature="leave()[pri:1, instance:com.testexecution.Runcls@6093dd95]" name="leave" duration-ms="5296" started-at="2019-05-12T11:08:48Z" finished-at="2019-05-12T11:08:54Z">
          <reporter-output>
          </reporter-output>
        </test-method> <!-- leave -->
        <test-method status="PASS" signature="capturescreen(org.testng.ITestResult)[pri:0, instance:com.testexecution.Runcls@6093dd95]" name="capturescreen" is-config="true" duration-ms="360" started-at="2019-05-12T11:08:54Z" finished-at="2019-05-12T11:08:54Z">
          <params>
            <param index="0">
              <value>
                <![CDATA[[TestResult name=leave status=SUCCESS method=Runcls.leave()[pri:1, instance:com.testexecution.Runcls@6093dd95] output={null}]]]>
              </value>
            </param>
          </params>
          <reporter-output>
            <line>
              <![CDATA[Attaching screens to report]]>
            </line>
            <line>
              <![CDATA[Execution is done]]>
            </line>
          </reporter-output>
        </test-method> <!-- capturescreen -->
      </class> <!-- com.testexecution.Runcls -->
    </test> <!-- Default test -->
  </suite> <!-- Default suite -->
</testng-results>
